#
# A fatal error has been detected by the Java Runtime Environment:
#
#  EXCEPTION_ACCESS_VIOLATION (0xc0000005) at pc=0x0000000180003990, pid=10936, tid=13104
#
# JRE version: Java(TM) SE Runtime Environment (17.0.7+8) (build 17.0.7+8-LTS-224)
# Java VM: Java HotSpot(TM) 64-Bit Server VM (17.0.7+8-LTS-224, mixed mode, sharing, tiered, compressed oops, compressed class ptrs, g1 gc, windows-amd64)
# Problematic frame:
# C  [rxtxSerial.dll+0x3990]
#
# No core dump will be written. Minidumps are not enabled by default on client versions of Windows
#
# If you would like to submit a bug report, please visit:
#   https://bugreport.java.com/bugreport/crash.jsp
# The crash happened outside the Java Virtual Machine in native code.
# See problematic frame for where to report the bug.
#

---------------  S U M M A R Y ------------

Command Line: jazari.device.arduino.TestSerialComunication

Host: Intel(R) Core(TM) i7-4700HQ CPU @ 2.40GHz, 8 cores, 15G,  Windows 10 , 64 bit Build 19041 (10.0.19041.3636)
Time: Thu Jun  6 15:12:53 2024 Türkiye Standart Saati elapsed time: 0.267228 seconds (0d 0h 0m 0s)

---------------  T H R E A D  ---------------

Current thread (0x0000012b8736dac0):  JavaThread "Thread-0" [_thread_in_native, id=13104, stack(0x000000256ef00000,0x000000256f000000)]

Stack: [0x000000256ef00000,0x000000256f000000],  sp=0x000000256effe5d0,  free space=1017k
Native frames: (J=compiled Java code, j=interpreted, Vv=VM code, C=native code)
C  [rxtxSerial.dll+0x3990]

Java frames: (J=compiled Java code, j=interpreted, Vv=VM code)
j  gnu.io.RXTXPort.readArray([BII)I+0
j  gnu.io.RXTXPort$SerialInputStream.read([BII)I+187
j  sun.nio.cs.StreamDecoder.readBytes()I+117 java.base@17.0.7
j  sun.nio.cs.StreamDecoder.implRead([CII)I+112 java.base@17.0.7
j  sun.nio.cs.StreamDecoder.read([CII)I+180 java.base@17.0.7
j  java.io.InputStreamReader.read([CII)I+7 java.base@17.0.7
j  java.io.BufferedReader.fill()V+145 java.base@17.0.7
j  java.io.BufferedReader.readLine(Z[Z)Ljava/lang/String;+52 java.base@17.0.7
j  java.io.BufferedReader.readLine()Ljava/lang/String;+3 java.base@17.0.7
j  jazari.device.arduino.TestSerialComunication.serialEvent(Lgnu/io/SerialPortEvent;)V+15
j  gnu.io.RXTXPort.sendEvent(IZ)Z+382
v  ~StubRoutines::call_stub
j  gnu.io.RXTXPort.eventLoop()V+0
j  gnu.io.RXTXPort$MonitorThread.run()V+12
v  ~StubRoutines::call_stub

siginfo: EXCEPTION_ACCESS_VIOLATION (0xc0000005), reading address 0x000000006efff338


Register to memory mapping:

RIP=0x0000000180003990 rxtxSerial.dll
RAX=0x000000006efff330 is an unknown value
RBX=0x0 is NULL
RCX=0x000000018001d4d5 rxtxSerial.dll
RDX=0xfffffffffffff665 is an unknown value
RSP=0x000000256effe5d0 is pointing into the stack for thread: 0x0000012b8736dac0
RBP=0x00000000ffffffff is an unknown value
RSI=0x0000000000000245 is an unknown value
RDI=0x0 is NULL
R8 =0x0000000000000002 is an unknown value
R9 =0xfffffffffffff63c is an unknown value
R10=0x00007ffb644200a0 jvm.dll
R11=0x8101010101010100 is an unknown value
R12=0x000000006efff330 is an unknown value
R13=0x0000000000000001 is an unknown value
R14=0x0000000000000245 is an unknown value
R15=0x0 is NULL


Registers:
RAX=0x000000006efff330, RBX=0x0000000000000000, RCX=0x000000018001d4d5, RDX=0xfffffffffffff665
RSP=0x000000256effe5d0, RBP=0x00000000ffffffff, RSI=0x0000000000000245, RDI=0x0000000000000000
R8 =0x0000000000000002, R9 =0xfffffffffffff63c, R10=0x00007ffb644200a0, R11=0x8101010101010100
R12=0x000000006efff330, R13=0x0000000000000001, R14=0x0000000000000245, R15=0x0000000000000000
RIP=0x0000000180003990, EFLAGS=0x0000000000010206

Top of Stack: (sp=0x000000256effe5d0)
0x000000256effe5d0:   0000000000000000 000000256effe7a8
0x000000256effe5e0:   0000000000000245 0000000000000000
0x000000256effe5f0:   0000012b8736dac0 00000000ffffffff
0x000000256effe600:   0000000000000001 0000000000000000
0x000000256effe610:   0000012b8736dd68 0000000000000245
0x000000256effe620:   000000256effe7a8 000000018000535a
0x000000256effe630:   0000012b8734eae0 0000000000000000
0x000000256effe640:   0000000000000001 0000012b8734eae0
0x000000256effe650:   0000000000000245 00000000ffffffff
0x000000256effe660:   000000256effe7b0 0000012b86c0c358
0x000000256effe670:   000000256effe778 00007ffb63c80122
0x000000256effe680:   3ff0000000000000 00000000000155b4
0x000000256effe690:   0000012b8736dac0 00000001800058fe
0x000000256effe6a0:   0000012b86c0c360 0000b861abfedc2a
0x000000256effe6b0:   000000256effe7b0 0000012b86c0c358
0x000000256effe6c0:   0000000000000000 0000000000000916 

Instructions: (pc=0x0000000180003990)
0x0000000180003890:   48 8d 15 0d 9c 01 00 48 2b d3 66 0f 1f 44 00 00
0x00000001800038a0:   0f b6 0b 0f b6 04 13 2b c8 75 07 48 ff c3 85 c0
0x00000001800038b0:   75 ee 48 8b 07 85 c9 48 8b d6 48 8b cf 75 0b ff
0x00000001800038c0:   90 28 03 00 00 48 8b d8 eb 08 ff 90 20 03 00 00
0x00000001800038d0:   8b d8 48 8b 07 48 8b d5 48 8b cf ff 90 b8 00 00
0x00000001800038e0:   00 48 8d 0d ec 9b 01 00 41 b8 02 00 00 00 49 8b
0x00000001800038f0:   d4 e8 2a 6f 00 00 85 c0 75 19 85 db 75 15 e8 71
0x0000000180003900:   6b 00 00 48 8d 15 ce 9b 01 00 48 8d 48 60 e8 e9
0x0000000180003910:   69 00 00 8b c3 48 8b 5c 24 30 48 8b 6c 24 38 48
0x0000000180003920:   8b 74 24 40 48 8b 7c 24 48 48 83 c4 20 41 5c c3
0x0000000180003930:   cc cc cc cc cc cc cc cc cc cc cc cc cc cc cc cc
0x0000000180003940:   48 89 5c 24 08 4c 89 4c 24 20 44 89 44 24 18 55
0x0000000180003950:   56 57 41 54 41 55 41 56 41 57 48 83 ec 20 48 8b
0x0000000180003960:   12 33 db 4c 8d 0d 82 91 01 00 4c 8d 05 9f 91 01
0x0000000180003970:   00 44 8b fb 8b fb e8 95 fe ff ff 8b ac 24 88 00
0x0000000180003980:   00 00 44 8b b4 24 80 00 00 00 4c 63 e0 41 8b f6
0x0000000180003990:   45 8b 6c 24 08 41 89 5c 24 08 85 ed 78 09 ff 15
0x00000001800039a0:   5c 36 01 00 44 8b f8 45 85 f6 7e 4d 0f 1f 40 00
0x00000001800039b0:   8b c7 ff c7 83 f8 14 7d 40 85 ed 78 0d ff 15 3d
0x00000001800039c0:   36 01 00 41 2b c7 3b c5 7d 2f 8b 4c 24 70 48 63
0x00000001800039d0:   d3 44 8b c6 48 03 54 24 78 e8 22 3d 00 00 85 c0
0x00000001800039e0:   78 33 74 06 03 d8 2b f0 eb 0a b9 e8 03 00 00 e8
0x00000001800039f0:   1c 27 00 00 41 3b de 7c b7 8b c3 45 89 6c 24 08
0x0000000180003a00:   48 8b 5c 24 60 48 83 c4 20 41 5f 41 5e 41 5d 41
0x0000000180003a10:   5c 5f 5e 5d c3 e8 62 6d 00 00 83 38 04 74 05 e8
0x0000000180003a20:   58 6d 00 00 83 c8 ff eb d2 cc cc cc cc cc cc cc
0x0000000180003a30:   40 53 48 83 ec 50 83 79 0c 00 48 8b d9 75 08 33
0x0000000180003a40:   c0 48 83 c4 50 5b c3 8b 09 48 8d 54 24 20 e8 91
0x0000000180003a50:   5c 00 00 85 c0 74 0b b8 01 00 00 00 48 83 c4 50
0x0000000180003a60:   5b c3 8b 0b 4c 8d 43 38 ba 59 54 00 00 48 89 7c
0x0000000180003a70:   24 60 e8 49 4e 00 00 85 c0 74 10 b8 01 00 00 00
0x0000000180003a80:   48 8b 7c 24 60 48 83 c4 50 5b c3 83 7b 38 00 74 


Stack slot to memory mapping:
stack at sp + 0 slots: 0x0 is NULL
stack at sp + 1 slots: 0x000000256effe7a8 is pointing into the stack for thread: 0x0000012b8736dac0
stack at sp + 2 slots: 0x0000000000000245 is an unknown value
stack at sp + 3 slots: 0x0 is NULL
stack at sp + 4 slots: 0x0000012b8736dac0 is a thread
stack at sp + 5 slots: 0x00000000ffffffff is an unknown value
stack at sp + 6 slots: 0x0000000000000001 is an unknown value
stack at sp + 7 slots: 0x0 is NULL


---------------  P R O C E S S  ---------------

Threads class SMR info:
_java_thread_list=0x0000012b8732ed00, length=13, elements={
0x0000012b864a2690, 0x0000012b864a3ca0, 0x0000012b864b8900, 0x0000012b864ba3d0,
0x0000012b864bd530, 0x0000012b864be680, 0x0000012b87004140, 0x0000012b870052d0,
0x0000012b87013c70, 0x0000012b872789d0, 0x0000012b87284b40, 0x0000012b8736dac0,
0x0000012be3701530
}

Java Threads: ( => current thread )
  0x0000012b864a2690 JavaThread "Reference Handler" daemon [_thread_blocked, id=6412, stack(0x000000256e300000,0x000000256e400000)]
  0x0000012b864a3ca0 JavaThread "Finalizer" daemon [_thread_blocked, id=3092, stack(0x000000256e400000,0x000000256e500000)]
  0x0000012b864b8900 JavaThread "Signal Dispatcher" daemon [_thread_blocked, id=8924, stack(0x000000256e500000,0x000000256e600000)]
  0x0000012b864ba3d0 JavaThread "Attach Listener" daemon [_thread_blocked, id=8376, stack(0x000000256e600000,0x000000256e700000)]
  0x0000012b864bd530 JavaThread "Service Thread" daemon [_thread_blocked, id=12856, stack(0x000000256e700000,0x000000256e800000)]
  0x0000012b864be680 JavaThread "Monitor Deflation Thread" daemon [_thread_blocked, id=12188, stack(0x000000256e800000,0x000000256e900000)]
  0x0000012b87004140 JavaThread "C2 CompilerThread0" daemon [_thread_blocked, id=2552, stack(0x000000256e900000,0x000000256ea00000)]
  0x0000012b870052d0 JavaThread "C1 CompilerThread0" daemon [_thread_blocked, id=8232, stack(0x000000256ea00000,0x000000256eb00000)]
  0x0000012b87013c70 JavaThread "Sweeper thread" daemon [_thread_blocked, id=12776, stack(0x000000256eb00000,0x000000256ec00000)]
  0x0000012b872789d0 JavaThread "Notification Thread" daemon [_thread_blocked, id=2832, stack(0x000000256ec00000,0x000000256ed00000)]
  0x0000012b87284b40 JavaThread "Common-Cleaner" daemon [_thread_blocked, id=11232, stack(0x000000256ee00000,0x000000256ef00000)]
=>0x0000012b8736dac0 JavaThread "Thread-0" [_thread_in_native, id=13104, stack(0x000000256ef00000,0x000000256f000000)]
  0x0000012be3701530 JavaThread "DestroyJavaVM" [_thread_blocked, id=2544, stack(0x000000256dc00000,0x000000256dd00000)]

Other Threads:
  0x0000012b8649a620 VMThread "VM Thread" [stack: 0x000000256e200000,0x000000256e300000] [id=5908]
  0x0000012b872828a0 WatcherThread [stack: 0x000000256ed00000,0x000000256ee00000] [id=13192]
  0x0000012be376aec0 GCTaskThread "GC Thread#0" [stack: 0x000000256dd00000,0x000000256de00000] [id=7936]
  0x0000012be377dc60 ConcurrentGCThread "G1 Main Marker" [stack: 0x000000256de00000,0x000000256df00000] [id=7504]
  0x0000012be377fe20 ConcurrentGCThread "G1 Conc#0" [stack: 0x000000256df00000,0x000000256e000000] [id=1056]
  0x0000012b86358510 ConcurrentGCThread "G1 Refine#0" [stack: 0x000000256e000000,0x000000256e100000] [id=612]
  0x0000012be37bd1e0 ConcurrentGCThread "G1 Service" [stack: 0x000000256e100000,0x000000256e200000] [id=9372]

Threads with active compile tasks:

VM state: not at safepoint (normal execution)

VM Mutex/Monitor currently owned by a thread: None

Heap address: 0x0000000701c00000, size: 4068 MB, Compressed Oops mode: Zero based, Oop shift amount: 3

CDS archive(s) mapped at: [0x0000000800000000-0x0000000800bd0000-0x0000000800bd0000), size 12386304, SharedBaseAddress: 0x0000000800000000, ArchiveRelocationMode: 0.
Compressed class space mapped at: 0x0000000800c00000-0x0000000840c00000, reserved size: 1073741824
Narrow klass base: 0x0000000800000000, Narrow klass shift: 0, Narrow klass range: 0x100000000

GC Precious Log:
 CPUs: 8 total, 8 available
 Memory: 16267M
 Large Page Support: Disabled
 NUMA Support: Disabled
 Compressed Oops: Enabled (Zero based)
 Heap Region Size: 2M
 Heap Min Capacity: 8M
 Heap Initial Capacity: 256M
 Heap Max Capacity: 4068M
 Pre-touch: Disabled
 Parallel Workers: 8
 Concurrent Workers: 2
 Concurrent Refinement Workers: 8
 Periodic GC: Disabled

Heap:
 garbage-first heap   total 262144K, used 4096K [0x0000000701c00000, 0x0000000800000000)
  region size 2048K, 3 young (6144K), 0 survivors (0K)
 Metaspace       used 497K, committed 640K, reserved 1056768K
  class space    used 34K, committed 128K, reserved 1048576K

Heap Regions: E=young(eden), S=young(survivor), O=old, HS=humongous(starts), HC=humongous(continues), CS=collection set, F=free, OA=open archive, CA=closed archive, TAMS=top-at-mark-start (previous, next)
|   0|0x0000000701c00000, 0x0000000701c00000, 0x0000000701e00000|  0%| F|  |TAMS 0x0000000701c00000, 0x0000000701c00000| Untracked 
|   1|0x0000000701e00000, 0x0000000701e00000, 0x0000000702000000|  0%| F|  |TAMS 0x0000000701e00000, 0x0000000701e00000| Untracked 
|   2|0x0000000702000000, 0x0000000702000000, 0x0000000702200000|  0%| F|  |TAMS 0x0000000702000000, 0x0000000702000000| Untracked 
|   3|0x0000000702200000, 0x0000000702200000, 0x0000000702400000|  0%| F|  |TAMS 0x0000000702200000, 0x0000000702200000| Untracked 
|   4|0x0000000702400000, 0x0000000702400000, 0x0000000702600000|  0%| F|  |TAMS 0x0000000702400000, 0x0000000702400000| Untracked 
|   5|0x0000000702600000, 0x0000000702600000, 0x0000000702800000|  0%| F|  |TAMS 0x0000000702600000, 0x0000000702600000| Untracked 
|   6|0x0000000702800000, 0x0000000702800000, 0x0000000702a00000|  0%| F|  |TAMS 0x0000000702800000, 0x0000000702800000| Untracked 
|   7|0x0000000702a00000, 0x0000000702a00000, 0x0000000702c00000|  0%| F|  |TAMS 0x0000000702a00000, 0x0000000702a00000| Untracked 
|   8|0x0000000702c00000, 0x0000000702c00000, 0x0000000702e00000|  0%| F|  |TAMS 0x0000000702c00000, 0x0000000702c00000| Untracked 
|   9|0x0000000702e00000, 0x0000000702e00000, 0x0000000703000000|  0%| F|  |TAMS 0x0000000702e00000, 0x0000000702e00000| Untracked 
|  10|0x0000000703000000, 0x0000000703000000, 0x0000000703200000|  0%| F|  |TAMS 0x0000000703000000, 0x0000000703000000| Untracked 
|  11|0x0000000703200000, 0x0000000703200000, 0x0000000703400000|  0%| F|  |TAMS 0x0000000703200000, 0x0000000703200000| Untracked 
|  12|0x0000000703400000, 0x0000000703400000, 0x0000000703600000|  0%| F|  |TAMS 0x0000000703400000, 0x0000000703400000| Untracked 
|  13|0x0000000703600000, 0x0000000703600000, 0x0000000703800000|  0%| F|  |TAMS 0x0000000703600000, 0x0000000703600000| Untracked 
|  14|0x0000000703800000, 0x0000000703800000, 0x0000000703a00000|  0%| F|  |TAMS 0x0000000703800000, 0x0000000703800000| Untracked 
|  15|0x0000000703a00000, 0x0000000703a00000, 0x0000000703c00000|  0%| F|  |TAMS 0x0000000703a00000, 0x0000000703a00000| Untracked 
|  16|0x0000000703c00000, 0x0000000703c00000, 0x0000000703e00000|  0%| F|  |TAMS 0x0000000703c00000, 0x0000000703c00000| Untracked 
|  17|0x0000000703e00000, 0x0000000703e00000, 0x0000000704000000|  0%| F|  |TAMS 0x0000000703e00000, 0x0000000703e00000| Untracked 
|  18|0x0000000704000000, 0x0000000704000000, 0x0000000704200000|  0%| F|  |TAMS 0x0000000704000000, 0x0000000704000000| Untracked 
|  19|0x0000000704200000, 0x0000000704200000, 0x0000000704400000|  0%| F|  |TAMS 0x0000000704200000, 0x0000000704200000| Untracked 
|  20|0x0000000704400000, 0x0000000704400000, 0x0000000704600000|  0%| F|  |TAMS 0x0000000704400000, 0x0000000704400000| Untracked 
|  21|0x0000000704600000, 0x0000000704600000, 0x0000000704800000|  0%| F|  |TAMS 0x0000000704600000, 0x0000000704600000| Untracked 
|  22|0x0000000704800000, 0x0000000704800000, 0x0000000704a00000|  0%| F|  |TAMS 0x0000000704800000, 0x0000000704800000| Untracked 
|  23|0x0000000704a00000, 0x0000000704a00000, 0x0000000704c00000|  0%| F|  |TAMS 0x0000000704a00000, 0x0000000704a00000| Untracked 
|  24|0x0000000704c00000, 0x0000000704c00000, 0x0000000704e00000|  0%| F|  |TAMS 0x0000000704c00000, 0x0000000704c00000| Untracked 
|  25|0x0000000704e00000, 0x0000000704e00000, 0x0000000705000000|  0%| F|  |TAMS 0x0000000704e00000, 0x0000000704e00000| Untracked 
|  26|0x0000000705000000, 0x0000000705000000, 0x0000000705200000|  0%| F|  |TAMS 0x0000000705000000, 0x0000000705000000| Untracked 
|  27|0x0000000705200000, 0x0000000705200000, 0x0000000705400000|  0%| F|  |TAMS 0x0000000705200000, 0x0000000705200000| Untracked 
|  28|0x0000000705400000, 0x0000000705400000, 0x0000000705600000|  0%| F|  |TAMS 0x0000000705400000, 0x0000000705400000| Untracked 
|  29|0x0000000705600000, 0x0000000705600000, 0x0000000705800000|  0%| F|  |TAMS 0x0000000705600000, 0x0000000705600000| Untracked 
|  30|0x0000000705800000, 0x0000000705800000, 0x0000000705a00000|  0%| F|  |TAMS 0x0000000705800000, 0x0000000705800000| Untracked 
|  31|0x0000000705a00000, 0x0000000705a00000, 0x0000000705c00000|  0%| F|  |TAMS 0x0000000705a00000, 0x0000000705a00000| Untracked 
|  32|0x0000000705c00000, 0x0000000705c00000, 0x0000000705e00000|  0%| F|  |TAMS 0x0000000705c00000, 0x0000000705c00000| Untracked 
|  33|0x0000000705e00000, 0x0000000705e00000, 0x0000000706000000|  0%| F|  |TAMS 0x0000000705e00000, 0x0000000705e00000| Untracked 
|  34|0x0000000706000000, 0x0000000706000000, 0x0000000706200000|  0%| F|  |TAMS 0x0000000706000000, 0x0000000706000000| Untracked 
|  35|0x0000000706200000, 0x0000000706200000, 0x0000000706400000|  0%| F|  |TAMS 0x0000000706200000, 0x0000000706200000| Untracked 
|  36|0x0000000706400000, 0x0000000706400000, 0x0000000706600000|  0%| F|  |TAMS 0x0000000706400000, 0x0000000706400000| Untracked 
|  37|0x0000000706600000, 0x0000000706600000, 0x0000000706800000|  0%| F|  |TAMS 0x0000000706600000, 0x0000000706600000| Untracked 
|  38|0x0000000706800000, 0x0000000706800000, 0x0000000706a00000|  0%| F|  |TAMS 0x0000000706800000, 0x0000000706800000| Untracked 
|  39|0x0000000706a00000, 0x0000000706a00000, 0x0000000706c00000|  0%| F|  |TAMS 0x0000000706a00000, 0x0000000706a00000| Untracked 
|  40|0x0000000706c00000, 0x0000000706c00000, 0x0000000706e00000|  0%| F|  |TAMS 0x0000000706c00000, 0x0000000706c00000| Untracked 
|  41|0x0000000706e00000, 0x0000000706e00000, 0x0000000707000000|  0%| F|  |TAMS 0x0000000706e00000, 0x0000000706e00000| Untracked 
|  42|0x0000000707000000, 0x0000000707000000, 0x0000000707200000|  0%| F|  |TAMS 0x0000000707000000, 0x0000000707000000| Untracked 
|  43|0x0000000707200000, 0x0000000707200000, 0x0000000707400000|  0%| F|  |TAMS 0x0000000707200000, 0x0000000707200000| Untracked 
|  44|0x0000000707400000, 0x0000000707400000, 0x0000000707600000|  0%| F|  |TAMS 0x0000000707400000, 0x0000000707400000| Untracked 
|  45|0x0000000707600000, 0x0000000707600000, 0x0000000707800000|  0%| F|  |TAMS 0x0000000707600000, 0x0000000707600000| Untracked 
|  46|0x0000000707800000, 0x0000000707800000, 0x0000000707a00000|  0%| F|  |TAMS 0x0000000707800000, 0x0000000707800000| Untracked 
|  47|0x0000000707a00000, 0x0000000707a00000, 0x0000000707c00000|  0%| F|  |TAMS 0x0000000707a00000, 0x0000000707a00000| Untracked 
|  48|0x0000000707c00000, 0x0000000707c00000, 0x0000000707e00000|  0%| F|  |TAMS 0x0000000707c00000, 0x0000000707c00000| Untracked 
|  49|0x0000000707e00000, 0x0000000707e00000, 0x0000000708000000|  0%| F|  |TAMS 0x0000000707e00000, 0x0000000707e00000| Untracked 
|  50|0x0000000708000000, 0x0000000708000000, 0x0000000708200000|  0%| F|  |TAMS 0x0000000708000000, 0x0000000708000000| Untracked 
|  51|0x0000000708200000, 0x0000000708200000, 0x0000000708400000|  0%| F|  |TAMS 0x0000000708200000, 0x0000000708200000| Untracked 
|  52|0x0000000708400000, 0x0000000708400000, 0x0000000708600000|  0%| F|  |TAMS 0x0000000708400000, 0x0000000708400000| Untracked 
|  53|0x0000000708600000, 0x0000000708600000, 0x0000000708800000|  0%| F|  |TAMS 0x0000000708600000, 0x0000000708600000| Untracked 
|  54|0x0000000708800000, 0x0000000708800000, 0x0000000708a00000|  0%| F|  |TAMS 0x0000000708800000, 0x0000000708800000| Untracked 
|  55|0x0000000708a00000, 0x0000000708a00000, 0x0000000708c00000|  0%| F|  |TAMS 0x0000000708a00000, 0x0000000708a00000| Untracked 
|  56|0x0000000708c00000, 0x0000000708c00000, 0x0000000708e00000|  0%| F|  |TAMS 0x0000000708c00000, 0x0000000708c00000| Untracked 
|  57|0x0000000708e00000, 0x0000000708e00000, 0x0000000709000000|  0%| F|  |TAMS 0x0000000708e00000, 0x0000000708e00000| Untracked 
|  58|0x0000000709000000, 0x0000000709000000, 0x0000000709200000|  0%| F|  |TAMS 0x0000000709000000, 0x0000000709000000| Untracked 
|  59|0x0000000709200000, 0x0000000709200000, 0x0000000709400000|  0%| F|  |TAMS 0x0000000709200000, 0x0000000709200000| Untracked 
|  60|0x0000000709400000, 0x0000000709400000, 0x0000000709600000|  0%| F|  |TAMS 0x0000000709400000, 0x0000000709400000| Untracked 
|  61|0x0000000709600000, 0x0000000709600000, 0x0000000709800000|  0%| F|  |TAMS 0x0000000709600000, 0x0000000709600000| Untracked 
|  62|0x0000000709800000, 0x0000000709800000, 0x0000000709a00000|  0%| F|  |TAMS 0x0000000709800000, 0x0000000709800000| Untracked 
|  63|0x0000000709a00000, 0x0000000709a00000, 0x0000000709c00000|  0%| F|  |TAMS 0x0000000709a00000, 0x0000000709a00000| Untracked 
|  64|0x0000000709c00000, 0x0000000709c00000, 0x0000000709e00000|  0%| F|  |TAMS 0x0000000709c00000, 0x0000000709c00000| Untracked 
|  65|0x0000000709e00000, 0x0000000709e00000, 0x000000070a000000|  0%| F|  |TAMS 0x0000000709e00000, 0x0000000709e00000| Untracked 
|  66|0x000000070a000000, 0x000000070a000000, 0x000000070a200000|  0%| F|  |TAMS 0x000000070a000000, 0x000000070a000000| Untracked 
|  67|0x000000070a200000, 0x000000070a200000, 0x000000070a400000|  0%| F|  |TAMS 0x000000070a200000, 0x000000070a200000| Untracked 
|  68|0x000000070a400000, 0x000000070a400000, 0x000000070a600000|  0%| F|  |TAMS 0x000000070a400000, 0x000000070a400000| Untracked 
|  69|0x000000070a600000, 0x000000070a600000, 0x000000070a800000|  0%| F|  |TAMS 0x000000070a600000, 0x000000070a600000| Untracked 
|  70|0x000000070a800000, 0x000000070a800000, 0x000000070aa00000|  0%| F|  |TAMS 0x000000070a800000, 0x000000070a800000| Untracked 
|  71|0x000000070aa00000, 0x000000070aa00000, 0x000000070ac00000|  0%| F|  |TAMS 0x000000070aa00000, 0x000000070aa00000| Untracked 
|  72|0x000000070ac00000, 0x000000070ac00000, 0x000000070ae00000|  0%| F|  |TAMS 0x000000070ac00000, 0x000000070ac00000| Untracked 
|  73|0x000000070ae00000, 0x000000070ae00000, 0x000000070b000000|  0%| F|  |TAMS 0x000000070ae00000, 0x000000070ae00000| Untracked 
|  74|0x000000070b000000, 0x000000070b000000, 0x000000070b200000|  0%| F|  |TAMS 0x000000070b000000, 0x000000070b000000| Untracked 
|  75|0x000000070b200000, 0x000000070b200000, 0x000000070b400000|  0%| F|  |TAMS 0x000000070b200000, 0x000000070b200000| Untracked 
|  76|0x000000070b400000, 0x000000070b400000, 0x000000070b600000|  0%| F|  |TAMS 0x000000070b400000, 0x000000070b400000| Untracked 
|  77|0x000000070b600000, 0x000000070b600000, 0x000000070b800000|  0%| F|  |TAMS 0x000000070b600000, 0x000000070b600000| Untracked 
|  78|0x000000070b800000, 0x000000070b800000, 0x000000070ba00000|  0%| F|  |TAMS 0x000000070b800000, 0x000000070b800000| Untracked 
|  79|0x000000070ba00000, 0x000000070ba00000, 0x000000070bc00000|  0%| F|  |TAMS 0x000000070ba00000, 0x000000070ba00000| Untracked 
|  80|0x000000070bc00000, 0x000000070bc00000, 0x000000070be00000|  0%| F|  |TAMS 0x000000070bc00000, 0x000000070bc00000| Untracked 
|  81|0x000000070be00000, 0x000000070be00000, 0x000000070c000000|  0%| F|  |TAMS 0x000000070be00000, 0x000000070be00000| Untracked 
|  82|0x000000070c000000, 0x000000070c000000, 0x000000070c200000|  0%| F|  |TAMS 0x000000070c000000, 0x000000070c000000| Untracked 
|  83|0x000000070c200000, 0x000000070c200000, 0x000000070c400000|  0%| F|  |TAMS 0x000000070c200000, 0x000000070c200000| Untracked 
|  84|0x000000070c400000, 0x000000070c400000, 0x000000070c600000|  0%| F|  |TAMS 0x000000070c400000, 0x000000070c400000| Untracked 
|  85|0x000000070c600000, 0x000000070c600000, 0x000000070c800000|  0%| F|  |TAMS 0x000000070c600000, 0x000000070c600000| Untracked 
|  86|0x000000070c800000, 0x000000070c800000, 0x000000070ca00000|  0%| F|  |TAMS 0x000000070c800000, 0x000000070c800000| Untracked 
|  87|0x000000070ca00000, 0x000000070ca00000, 0x000000070cc00000|  0%| F|  |TAMS 0x000000070ca00000, 0x000000070ca00000| Untracked 
|  88|0x000000070cc00000, 0x000000070cc00000, 0x000000070ce00000|  0%| F|  |TAMS 0x000000070cc00000, 0x000000070cc00000| Untracked 
|  89|0x000000070ce00000, 0x000000070ce00000, 0x000000070d000000|  0%| F|  |TAMS 0x000000070ce00000, 0x000000070ce00000| Untracked 
|  90|0x000000070d000000, 0x000000070d000000, 0x000000070d200000|  0%| F|  |TAMS 0x000000070d000000, 0x000000070d000000| Untracked 
|  91|0x000000070d200000, 0x000000070d200000, 0x000000070d400000|  0%| F|  |TAMS 0x000000070d200000, 0x000000070d200000| Untracked 
|  92|0x000000070d400000, 0x000000070d400000, 0x000000070d600000|  0%| F|  |TAMS 0x000000070d400000, 0x000000070d400000| Untracked 
|  93|0x000000070d600000, 0x000000070d600000, 0x000000070d800000|  0%| F|  |TAMS 0x000000070d600000, 0x000000070d600000| Untracked 
|  94|0x000000070d800000, 0x000000070d800000, 0x000000070da00000|  0%| F|  |TAMS 0x000000070d800000, 0x000000070d800000| Untracked 
|  95|0x000000070da00000, 0x000000070da00000, 0x000000070dc00000|  0%| F|  |TAMS 0x000000070da00000, 0x000000070da00000| Untracked 
|  96|0x000000070dc00000, 0x000000070dc00000, 0x000000070de00000|  0%| F|  |TAMS 0x000000070dc00000, 0x000000070dc00000| Untracked 
|  97|0x000000070de00000, 0x000000070de00000, 0x000000070e000000|  0%| F|  |TAMS 0x000000070de00000, 0x000000070de00000| Untracked 
|  98|0x000000070e000000, 0x000000070e000000, 0x000000070e200000|  0%| F|  |TAMS 0x000000070e000000, 0x000000070e000000| Untracked 
|  99|0x000000070e200000, 0x000000070e200000, 0x000000070e400000|  0%| F|  |TAMS 0x000000070e200000, 0x000000070e200000| Untracked 
| 100|0x000000070e400000, 0x000000070e400000, 0x000000070e600000|  0%| F|  |TAMS 0x000000070e400000, 0x000000070e400000| Untracked 
| 101|0x000000070e600000, 0x000000070e600000, 0x000000070e800000|  0%| F|  |TAMS 0x000000070e600000, 0x000000070e600000| Untracked 
| 102|0x000000070e800000, 0x000000070e800000, 0x000000070ea00000|  0%| F|  |TAMS 0x000000070e800000, 0x000000070e800000| Untracked 
| 103|0x000000070ea00000, 0x000000070ea00000, 0x000000070ec00000|  0%| F|  |TAMS 0x000000070ea00000, 0x000000070ea00000| Untracked 
| 104|0x000000070ec00000, 0x000000070ec00000, 0x000000070ee00000|  0%| F|  |TAMS 0x000000070ec00000, 0x000000070ec00000| Untracked 
| 105|0x000000070ee00000, 0x000000070ee00000, 0x000000070f000000|  0%| F|  |TAMS 0x000000070ee00000, 0x000000070ee00000| Untracked 
| 106|0x000000070f000000, 0x000000070f000000, 0x000000070f200000|  0%| F|  |TAMS 0x000000070f000000, 0x000000070f000000| Untracked 
| 107|0x000000070f200000, 0x000000070f200000, 0x000000070f400000|  0%| F|  |TAMS 0x000000070f200000, 0x000000070f200000| Untracked 
| 108|0x000000070f400000, 0x000000070f400000, 0x000000070f600000|  0%| F|  |TAMS 0x000000070f400000, 0x000000070f400000| Untracked 
| 109|0x000000070f600000, 0x000000070f600000, 0x000000070f800000|  0%| F|  |TAMS 0x000000070f600000, 0x000000070f600000| Untracked 
| 110|0x000000070f800000, 0x000000070f800000, 0x000000070fa00000|  0%| F|  |TAMS 0x000000070f800000, 0x000000070f800000| Untracked 
| 111|0x000000070fa00000, 0x000000070fa00000, 0x000000070fc00000|  0%| F|  |TAMS 0x000000070fa00000, 0x000000070fa00000| Untracked 
| 112|0x000000070fc00000, 0x000000070fc00000, 0x000000070fe00000|  0%| F|  |TAMS 0x000000070fc00000, 0x000000070fc00000| Untracked 
| 113|0x000000070fe00000, 0x000000070fe00000, 0x0000000710000000|  0%| F|  |TAMS 0x000000070fe00000, 0x000000070fe00000| Untracked 
| 114|0x0000000710000000, 0x0000000710000000, 0x0000000710200000|  0%| F|  |TAMS 0x0000000710000000, 0x0000000710000000| Untracked 
| 115|0x0000000710200000, 0x0000000710200000, 0x0000000710400000|  0%| F|  |TAMS 0x0000000710200000, 0x0000000710200000| Untracked 
| 116|0x0000000710400000, 0x0000000710400000, 0x0000000710600000|  0%| F|  |TAMS 0x0000000710400000, 0x0000000710400000| Untracked 
| 117|0x0000000710600000, 0x0000000710600000, 0x0000000710800000|  0%| F|  |TAMS 0x0000000710600000, 0x0000000710600000| Untracked 
| 118|0x0000000710800000, 0x0000000710800000, 0x0000000710a00000|  0%| F|  |TAMS 0x0000000710800000, 0x0000000710800000| Untracked 
| 119|0x0000000710a00000, 0x0000000710a00000, 0x0000000710c00000|  0%| F|  |TAMS 0x0000000710a00000, 0x0000000710a00000| Untracked 
| 120|0x0000000710c00000, 0x0000000710c00000, 0x0000000710e00000|  0%| F|  |TAMS 0x0000000710c00000, 0x0000000710c00000| Untracked 
| 121|0x0000000710e00000, 0x0000000710e00000, 0x0000000711000000|  0%| F|  |TAMS 0x0000000710e00000, 0x0000000710e00000| Untracked 
| 122|0x0000000711000000, 0x0000000711000000, 0x0000000711200000|  0%| F|  |TAMS 0x0000000711000000, 0x0000000711000000| Untracked 
| 123|0x0000000711200000, 0x0000000711200000, 0x0000000711400000|  0%| F|  |TAMS 0x0000000711200000, 0x0000000711200000| Untracked 
| 124|0x0000000711400000, 0x0000000711400000, 0x0000000711600000|  0%| F|  |TAMS 0x0000000711400000, 0x0000000711400000| Untracked 
| 125|0x0000000711600000, 0x00000007117c4058, 0x0000000711800000| 88%| E|  |TAMS 0x0000000711600000, 0x0000000711600000| Complete 
| 126|0x0000000711800000, 0x0000000711a00000, 0x0000000711a00000|100%| E|CS|TAMS 0x0000000711800000, 0x0000000711800000| Complete 
| 127|0x0000000711a00000, 0x0000000711c00000, 0x0000000711c00000|100%| E|CS|TAMS 0x0000000711a00000, 0x0000000711a00000| Complete 

Card table byte_map: [0x0000012bfaab0000,0x0000012bfb2b0000] _byte_map_base: 0x0000012bf72a2000

Marking Bits (Prev, Next): (CMBitMap*) 0x0000012be376b4d0, (CMBitMap*) 0x0000012be376b510
 Prev Bits: [0x0000012bfbab0000, 0x0000012bffa40000)
 Next Bits: [0x0000012b80000000, 0x0000012b83f90000)

Polling page: 0x0000012be1600000

Metaspace:

Usage:
  Non-class:    462.57 KB used.
      Class:     34.62 KB used.
       Both:    497.19 KB used.

Virtual space:
  Non-class space:        8.00 MB reserved,     512.00 KB (  6%) committed,  1 nodes.
      Class space:        1.00 GB reserved,     128.00 KB ( <1%) committed,  1 nodes.
             Both:        1.01 GB reserved,     640.00 KB ( <1%) committed. 

Chunk freelists:
   Non-Class:  3.88 MB
       Class:  3.72 MB
        Both:  7.59 MB

MaxMetaspaceSize: unlimited
CompressedClassSpaceSize: 1.00 GB
Initial GC threshold: 21.00 MB
Current GC threshold: 21.00 MB
CDS: on
MetaspaceReclaimPolicy: balanced
 - commit_granule_bytes: 65536.
 - commit_granule_words: 8192.
 - virtual_space_node_default_size: 1048576.
 - enlarge_chunks_in_place: 1.
 - new_chunks_are_fully_committed: 0.
 - uncommit_free_chunks: 1.
 - use_allocation_guard: 0.
 - handle_deallocations: 1.


Internal statistics:

num_allocs_failed_limit: 0.
num_arena_births: 4.
num_arena_deaths: 0.
num_vsnodes_births: 2.
num_vsnodes_deaths: 0.
num_space_committed: 10.
num_space_uncommitted: 0.
num_chunks_returned_to_freelist: 0.
num_chunks_taken_from_freelist: 14.
num_chunk_merges: 0.
num_chunk_splits: 7.
num_chunks_enlarged: 8.
num_purges: 0.
num_inconsistent_stats: 0.

CodeHeap 'non-profiled nmethods': size=120000Kb used=68Kb max_used=68Kb free=119931Kb
 bounds [0x0000012bf2a40000, 0x0000012bf2cb0000, 0x0000012bf9f70000]
CodeHeap 'profiled nmethods': size=120000Kb used=390Kb max_used=390Kb free=119609Kb
 bounds [0x0000012beaf70000, 0x0000012beb1e0000, 0x0000012bf24a0000]
CodeHeap 'non-nmethods': size=5760Kb used=1061Kb max_used=1075Kb free=4699Kb
 bounds [0x0000012bf24a0000, 0x0000012bf2710000, 0x0000012bf2a40000]
 total_blobs=578 nmethods=257 adapters=234
 compilation: enabled
              stopped_count=0, restarted_count=0
 full_count=0

Compilation events (20 events):
Event: 0.229 Thread 0x0000012b870052d0 nmethod 247 0x0000012bf2a4eb10 code [0x0000012bf2a4eca0, 0x0000012bf2a4ed78]
Event: 0.229 Thread 0x0000012b870052d0  248       1       java.net.URL::getPath (5 bytes)
Event: 0.229 Thread 0x0000012b870052d0 nmethod 248 0x0000012bf2a4ee10 code [0x0000012bf2a4efa0, 0x0000012bf2a4f078]
Event: 0.229 Thread 0x0000012b870052d0  249       1       java.net.URL::getQuery (5 bytes)
Event: 0.229 Thread 0x0000012b870052d0 nmethod 249 0x0000012bf2a4f110 code [0x0000012bf2a4f2a0, 0x0000012bf2a4f378]
Event: 0.229 Thread 0x0000012b870052d0  250       1       java.net.URL::getRef (5 bytes)
Event: 0.229 Thread 0x0000012b870052d0 nmethod 250 0x0000012bf2a4f410 code [0x0000012bf2a4f5a0, 0x0000012bf2a4f678]
Event: 0.230 Thread 0x0000012b870052d0  252       1       java.nio.charset.CharsetEncoder::maxBytesPerChar (5 bytes)
Event: 0.230 Thread 0x0000012b870052d0 nmethod 252 0x0000012bf2a4f710 code [0x0000012bf2a4f8a0, 0x0000012bf2a4f978]
Event: 0.230 Thread 0x0000012b870052d0  253       1       sun.nio.cs.SingleByte$Encoder::isASCIICompatible (5 bytes)
Event: 0.230 Thread 0x0000012b870052d0 nmethod 253 0x0000012bf2a4fa10 code [0x0000012bf2a4fba0, 0x0000012bf2a4fc78]
Event: 0.231 Thread 0x0000012b870052d0  254       1       jdk.internal.loader.ClassLoaderHelper::mapAlternativeName (2 bytes)
Event: 0.231 Thread 0x0000012b870052d0 nmethod 254 0x0000012bf2a4fd10 code [0x0000012bf2a4fea0, 0x0000012bf2a4ff58]
Event: 0.231 Thread 0x0000012b870052d0  255       3       java.lang.String::getChars (54 bytes)
Event: 0.232 Thread 0x0000012b870052d0 nmethod 255 0x0000012beafd0e90 code [0x0000012beafd1080, 0x0000012beafd14f8]
Event: 0.232 Thread 0x0000012b870052d0  256       3       java.lang.StringLatin1::getChars (12 bytes)
Event: 0.232 Thread 0x0000012b870052d0 nmethod 256 0x0000012beafd1710 code [0x0000012beafd18a0, 0x0000012beafd19c8]
Event: 0.234 Thread 0x0000012b87004140 nmethod 251 0x0000012bf2a50490 code [0x0000012bf2a50620, 0x0000012bf2a50ab8]
Event: 0.234 Thread 0x0000012b87004140  244       4       java.util.zip.ZipUtils::LG (22 bytes)
Event: 0.235 Thread 0x0000012b87004140 nmethod 244 0x0000012bf2a50d10 code [0x0000012bf2a50e80, 0x0000012bf2a50f78]

GC Heap History (0 events):
No events

Deoptimization events (10 events):
Event: 0.139 Thread 0x0000012be3701530 Uncommon trap: trap_request=0xffffff45 fr.pc=0x0000012bf2a411f8 relative=0x0000000000000078
Event: 0.139 Thread 0x0000012be3701530 Uncommon trap: reason=unstable_if action=reinterpret pc=0x0000012bf2a411f8 method=java.lang.String.isLatin1()Z @ 10 c2
Event: 0.139 Thread 0x0000012be3701530 DEOPT PACKING pc=0x0000012bf2a411f8 sp=0x000000256dcfe6a0
Event: 0.139 Thread 0x0000012be3701530 DEOPT UNPACKING pc=0x0000012bf24f23a3 sp=0x000000256dcfe5e0 mode 2
Event: 0.166 Thread 0x0000012be3701530 DEOPT PACKING pc=0x0000012beaf78067 sp=0x000000256dcfc200
Event: 0.166 Thread 0x0000012be3701530 DEOPT UNPACKING pc=0x0000012bf24f2b43 sp=0x000000256dcfb620 mode 0
Event: 0.178 Thread 0x0000012be3701530 DEOPT PACKING pc=0x0000012beaf76151 sp=0x000000256dcfc1c0
Event: 0.178 Thread 0x0000012be3701530 DEOPT UNPACKING pc=0x0000012bf24f2b43 sp=0x000000256dcfb638 mode 0
Event: 0.189 Thread 0x0000012be3701530 DEOPT PACKING pc=0x0000012beaf76151 sp=0x000000256dcfca00
Event: 0.189 Thread 0x0000012be3701530 DEOPT UNPACKING pc=0x0000012bf24f2b43 sp=0x000000256dcfbe78 mode 0

Classes unloaded (0 events):
No events

Classes redefined (0 events):
No events

Internal exceptions (4 events):
Event: 0.216 Thread 0x0000012be3701530 Exception <a 'java/io/FileNotFoundException'{0x0000000711612c28}> (0x0000000711612c28) 
thrown [s\open\src\hotspot\share\prims\jni.cpp, line 516]
Event: 0.220 Thread 0x0000012be3701530 Exception <a 'java/io/FileNotFoundException'{0x000000071162ccd0}> (0x000000071162ccd0) 
thrown [s\open\src\hotspot\share\prims\jni.cpp, line 516]
Event: 0.224 Thread 0x0000012be3701530 Exception <a 'java/io/FileNotFoundException'{0x00000007116422c0}> (0x00000007116422c0) 
thrown [s\open\src\hotspot\share\prims\jni.cpp, line 516]
Event: 0.226 Thread 0x0000012be3701530 Exception <a 'java/io/FileNotFoundException'{0x000000071165bdb8}> (0x000000071165bdb8) 
thrown [s\open\src\hotspot\share\prims\jni.cpp, line 516]

VM Operations (4 events):
Event: 0.162 Executing VM operation: HandshakeAllThreads
Event: 0.162 Executing VM operation: HandshakeAllThreads done
Event: 0.206 Executing VM operation: HandshakeAllThreads
Event: 0.206 Executing VM operation: HandshakeAllThreads done

Events (20 events):
Event: 0.200 loading class java/io/Reader
Event: 0.200 loading class java/io/Reader done
Event: 0.200 loading class java/io/InputStreamReader
Event: 0.200 loading class java/io/InputStreamReader done
Event: 0.203 loading class java/lang/InterruptedException
Event: 0.203 loading class java/lang/InterruptedException done
Event: 0.212 Loaded shared library D:\Dropbox\NetbeansProjects\OJL\rxtxSerial.dll
Event: 0.228 loading class java/util/TooManyListenersException
Event: 0.228 loading class java/util/TooManyListenersException done
Event: 0.230 loading class java/lang/NumberFormatException
Event: 0.230 loading class java/lang/NumberFormatException done
Event: 0.233 loading class java/lang/IndexOutOfBoundsException
Event: 0.233 loading class java/lang/IndexOutOfBoundsException done
Event: 0.238 Thread 0x0000012b8736dac0 Thread added: 0x0000012b8736dac0
Event: 0.246 loading class java/io/BufferedReader
Event: 0.246 loading class java/io/BufferedReader done
Event: 0.246 loading class sun/nio/cs/StreamDecoder
Event: 0.246 loading class sun/nio/cs/StreamDecoder done
Event: 0.246 Thread 0x0000012be3701530 Thread exited: 0x0000012be3701530
Event: 0.247 Thread 0x0000012be3701530 Thread added: 0x0000012be3701530


Dynamic libraries:
0x00007ff615e30000 - 0x00007ff615e40000 	C:\Program Files\Java\jdk-17\bin\java.exe
0x00007ffb9de30000 - 0x00007ffb9e028000 	C:\WINDOWS\SYSTEM32\ntdll.dll
0x00007ffb9d4a0000 - 0x00007ffb9d55d000 	C:\WINDOWS\System32\KERNEL32.DLL
0x00007ffb9b7a0000 - 0x00007ffb9ba96000 	C:\WINDOWS\System32\KERNELBASE.dll
0x00007ffb9b600000 - 0x00007ffb9b700000 	C:\WINDOWS\System32\ucrtbase.dll
0x00007ffb8ec90000 - 0x00007ffb8eca9000 	C:\Program Files\Java\jdk-17\bin\jli.dll
0x00007ffb8e140000 - 0x00007ffb8e15b000 	C:\Program Files\Java\jdk-17\bin\VCRUNTIME140.dll
0x00007ffb9d280000 - 0x00007ffb9d330000 	C:\WINDOWS\System32\ADVAPI32.dll
0x00007ffb9dce0000 - 0x00007ffb9dd7e000 	C:\WINDOWS\System32\msvcrt.dll
0x00007ffb9c370000 - 0x00007ffb9c410000 	C:\WINDOWS\System32\sechost.dll
0x00007ffb9d5a0000 - 0x00007ffb9d6c3000 	C:\WINDOWS\System32\RPCRT4.dll
0x00007ffb9bb30000 - 0x00007ffb9bb57000 	C:\WINDOWS\System32\bcrypt.dll
0x00007ffb9d010000 - 0x00007ffb9d1af000 	C:\WINDOWS\System32\USER32.dll
0x00007ffb9bd10000 - 0x00007ffb9bd32000 	C:\WINDOWS\System32\win32u.dll
0x00007ffb86320000 - 0x00007ffb865ba000 	C:\WINDOWS\WinSxS\amd64_microsoft.windows.common-controls_6595b64144ccf1df_6.0.19041.4355_none_60b8b9eb71f62e16\COMCTL32.dll
0x00007ffb9d560000 - 0x00007ffb9d58b000 	C:\WINDOWS\System32\GDI32.dll
0x00007ffb9bd40000 - 0x00007ffb9be57000 	C:\WINDOWS\System32\gdi32full.dll
0x00007ffb9b700000 - 0x00007ffb9b79d000 	C:\WINDOWS\System32\msvcp_win.dll
0x00007ffb956b0000 - 0x00007ffb956ba000 	C:\WINDOWS\SYSTEM32\VERSION.dll
0x00007ffb9d810000 - 0x00007ffb9d842000 	C:\WINDOWS\System32\IMM32.DLL
0x00007ffb91c60000 - 0x00007ffb91c6c000 	C:\Program Files\Java\jdk-17\bin\vcruntime140_1.dll
0x00007ffb6d0c0000 - 0x00007ffb6d14e000 	C:\Program Files\Java\jdk-17\bin\msvcp140.dll
0x00007ffb63900000 - 0x00007ffb644dd000 	C:\Program Files\Java\jdk-17\bin\server\jvm.dll
0x00007ffb9d3e0000 - 0x00007ffb9d3e8000 	C:\WINDOWS\System32\PSAPI.DLL
0x00007ffb8c9f0000 - 0x00007ffb8c9f9000 	C:\WINDOWS\SYSTEM32\WSOCK32.dll
0x00007ffb8aee0000 - 0x00007ffb8af07000 	C:\WINDOWS\SYSTEM32\WINMM.dll
0x00007ffb9cf40000 - 0x00007ffb9cfab000 	C:\WINDOWS\System32\WS2_32.dll
0x00007ffb99360000 - 0x00007ffb99372000 	C:\WINDOWS\SYSTEM32\kernel.appcore.dll
0x00007ffb914e0000 - 0x00007ffb914ea000 	C:\Program Files\Java\jdk-17\bin\jimage.dll
0x00007ffb89950000 - 0x00007ffb89b34000 	C:\WINDOWS\SYSTEM32\DBGHELP.DLL
0x00007ffb7fc30000 - 0x00007ffb7fc64000 	C:\WINDOWS\SYSTEM32\dbgcore.DLL
0x00007ffb9baa0000 - 0x00007ffb9bb22000 	C:\WINDOWS\System32\bcryptPrimitives.dll
0x00007ffb8e110000 - 0x00007ffb8e135000 	C:\Program Files\Java\jdk-17\bin\java.dll
0x00007ffb6cbd0000 - 0x00007ffb6cca7000 	C:\Program Files\Java\jdk-17\bin\jsvml.dll
0x00007ffb9c6b0000 - 0x00007ffb9ce1b000 	C:\WINDOWS\System32\SHELL32.dll
0x00007ffb99560000 - 0x00007ffb99cfd000 	C:\WINDOWS\SYSTEM32\windows.storage.dll
0x00007ffb9c010000 - 0x00007ffb9c363000 	C:\WINDOWS\System32\combase.dll
0x00007ffb9ae30000 - 0x00007ffb9ae5e000 	C:\WINDOWS\SYSTEM32\Wldp.dll
0x00007ffb9d1b0000 - 0x00007ffb9d27d000 	C:\WINDOWS\System32\OLEAUT32.dll
0x00007ffb9d3f0000 - 0x00007ffb9d49d000 	C:\WINDOWS\System32\SHCORE.dll
0x00007ffb9cfb0000 - 0x00007ffb9d005000 	C:\WINDOWS\System32\shlwapi.dll
0x00007ffb9b410000 - 0x00007ffb9b434000 	C:\WINDOWS\SYSTEM32\profapi.dll
0x00007ffb8e0f0000 - 0x00007ffb8e109000 	C:\Program Files\Java\jdk-17\bin\net.dll
0x00007ffb93a20000 - 0x00007ffb93b2a000 	C:\WINDOWS\SYSTEM32\WINHTTP.dll
0x00007ffb9ab90000 - 0x00007ffb9abfa000 	C:\WINDOWS\system32\mswsock.dll
0x00007ffb8c740000 - 0x00007ffb8c756000 	C:\Program Files\Java\jdk-17\bin\nio.dll
0x00007ffb8c2d0000 - 0x00007ffb8c2e8000 	C:\Program Files\Java\jdk-17\bin\zip.dll
0x00007ffb8e0c0000 - 0x00007ffb8e0d0000 	C:\Program Files\Java\jdk-17\bin\verify.dll
0x0000000180000000 - 0x0000000180025000 	D:\Dropbox\NetbeansProjects\OJL\rxtxSerial.dll

dbghelp: loaded successfully - version: 4.0.5 - missing functions: none
symbol engine: initialized successfully - sym options: 0x614 - pdb path: .;C:\Program Files\Java\jdk-17\bin;C:\WINDOWS\SYSTEM32;C:\WINDOWS\WinSxS\amd64_microsoft.windows.common-controls_6595b64144ccf1df_6.0.19041.4355_none_60b8b9eb71f62e16;C:\Program Files\Java\jdk-17\bin\server;D:\Dropbox\NetbeansProjects\OJL

VM Arguments:
java_command: jazari.device.arduino.TestSerialComunication
java_class_path (initial): D:\Dropbox\NetbeansProjects\OJL\target\classes;C:\Users\cezerilab\.m2\repository\org\drjekyll\fontchooser\2.5.2\fontchooser-2.5.2.jar;C:\Users\cezerilab\.m2\repository\com\google\protobuf\protobuf-java\3.19.2\protobuf-java-3.19.2.jar;C:\Users\cezerilab\.m2\repository\org\nd4j\nd4j-native\1.0.0-M1.1\nd4j-native-1.0.0-M1.1.jar;C:\Users\cezerilab\.m2\repository\org\nd4j\nd4j-native\1.0.0-M1.1\nd4j-native-1.0.0-M1.1-windows-x86_64.jar;C:\Users\cezerilab\.m2\repository\org\bytedeco\javacpp\1.5.5\javacpp-1.5.5.jar;C:\Users\cezerilab\.m2\repository\org\bytedeco\javacpp\1.5.5\javacpp-1.5.5-windows-x86_64.jar;C:\Users\cezerilab\.m2\repository\org\bytedeco\openblas\0.3.13-1.5.5\openblas-0.3.13-1.5.5.jar;C:\Users\cezerilab\.m2\repository\org\bytedeco\openblas\0.3.13-1.5.5\openblas-0.3.13-1.5.5-windows-x86_64.jar;C:\Users\cezerilab\.m2\repository\org\nd4j\nd4j-api\1.0.0-M1.1\nd4j-api-1.0.0-M1.1.jar;C:\Users\cezerilab\.m2\repository\com\jakewharton\byteunits\byteunits\0.9.1\byteunits-0.9.1.jar;C:\Users\cezerilab\.m2\repository\org\apache\commons\commons-lang3\3.6\commons-lang3-3.6.jar;C:\Users\cezerilab\.m2\repository\org\apache\commons\commons-collections4\4.1\commons-collections4-4.1.jar;C:\Users\cezerilab\.m2\repository\com\google\flatbuffers\flatbuffers-java\1.10.0\flatbuffers-java-1.10.0.jar;C:\Users\cezerilab\.m2\repository\org\nd4j\protobuf\1.0.0-M1.1\protobuf-1.0.0-M1.1.jar;C:\Users\cezerilab\.m2\repository\com\github\oshi\oshi-core\3.4.2\oshi-core-3.4.2.jar;C:\Users\cezerilab\.m2\repository\net\java\dev\jna\jna-platform\4.3.0\jna-platform-4.3.0.jar;C:\Users\cezerilab\.m2\repository\org\threeten\threetenbp\1.3.3\threetenbp-1.3.3.jar;C:\Users\cezerilab\.m2\repository\org\nd4j\jackson\1.0.0-M1.1\jackson-1.0.0-M1.1.jar;C:\Users\cezerilab\.m2\repository\commons-net\commons-net\3.1\commons-net-3.1.jar;C:\Users\cezerilab\.m2\repository\net\ericaro\neoitertools\1.0.0\neoitertools-1.0.0.jar;C:\Users\cezerilab\.m2\repository\org\nd4j\nd4j-common\1.0.0
Launcher Type: SUN_STANDARD

[Global flags]
     intx CICompilerCount                          = 4                                         {product} {ergonomic}
     uint ConcGCThreads                            = 2                                         {product} {ergonomic}
     uint G1ConcRefinementThreads                  = 8                                         {product} {ergonomic}
   size_t G1HeapRegionSize                         = 2097152                                   {product} {ergonomic}
    uintx GCDrainStackTargetSize                   = 64                                        {product} {ergonomic}
   size_t InitialHeapSize                          = 268435456                                 {product} {ergonomic}
   size_t MarkStackSize                            = 4194304                                   {product} {ergonomic}
   size_t MaxHeapSize                              = 4265607168                                {product} {ergonomic}
   size_t MaxNewSize                               = 2558525440                                {product} {ergonomic}
   size_t MinHeapDeltaBytes                        = 2097152                                   {product} {ergonomic}
   size_t MinHeapSize                              = 8388608                                   {product} {ergonomic}
    uintx NonNMethodCodeHeapSize                   = 5839372                                {pd product} {ergonomic}
    uintx NonProfiledCodeHeapSize                  = 122909434                              {pd product} {ergonomic}
    uintx ProfiledCodeHeapSize                     = 122909434                              {pd product} {ergonomic}
    uintx ReservedCodeCacheSize                    = 251658240                              {pd product} {ergonomic}
     bool SegmentedCodeCache                       = true                                      {product} {ergonomic}
   size_t SoftMaxHeapSize                          = 4265607168                             {manageable} {ergonomic}
     bool UseCompressedClassPointers               = true                           {product lp64_product} {ergonomic}
     bool UseCompressedOops                        = true                           {product lp64_product} {ergonomic}
     bool UseG1GC                                  = true                                      {product} {ergonomic}
     bool UseLargePagesIndividualAllocation        = false                                  {pd product} {ergonomic}

Logging:
Log output configuration:
 #0: stdout all=warning uptime,level,tags
 #1: stderr all=off uptime,level,tags

Environment Variables:
JAVA_HOME=C:\Program Files\Java\jdk-17
PATH=C:\Program Files\Common Files\Oracle\Java\javapath;C:\WINDOWS\system32;C:\WINDOWS;C:\WINDOWS\System32\Wbem;C:\WINDOWS\System32\WindowsPowerShell\v1.0\;C:\WINDOWS\System32\OpenSSH\;C:\Program Files (x86)\NVIDIA Corporation\PhysX\Common;C:\ProgramData\chocolatey\bin;C:\Program Files (x86)\Windows Live\Shared;C:\Program Files\dotnet\;C:\Program Files\Git\cmd;C:\Program Files\Git LFS;C:\Program Files\nodejs\;C:\Program Files\Java\jdk-17\bin;C:\Program Files\Common Files\Autodesk Shared\;C:\Users\cezerilab\AppData\Local\Programs\Python\Python310\Scripts\;C:\Users\cezerilab\AppData\Local\Programs\Python\Python310\;C:\Program Files (x86)\Common Files\Oracle\Java\javapath;C:\WINDOWS\system32;C:\WINDOWS;C:\WINDOWS\System32\Wbem;C:\WINDOWS\System32\WindowsPowerShell\v1.0\;C:\WINDOWS\System32\OpenSSH\;C:\Program Files (x86)\NVIDIA Corporation\PhysX\Common;C:\ProgramData\chocolatey\bin;C:\Program Files\nodejs\;C:\Users\cezerilab\AppData\Local\Microsoft\WindowsApps;C:\Users\cezerilab\AppData\Local\Programs\Microsoft VS Code\bin;C:\Users\cezerilab\.dotnet\tools;C:\ProgramData\cezerilab\GitHubDesktop\bin;C:\Users\cezerilab\AppData\Local\GitHubDesktop\bin;C:\Users\cezerilab\AppData\Roaming\npm;C:\Program Files\JetBrains\PyCharm Community Edition 2023.2.2\bin;;C:\Program Files\Java\jdk-17\bin;
USERNAME=cezerilab
OS=Windows_NT
PROCESSOR_IDENTIFIER=Intel64 Family 6 Model 60 Stepping 3, GenuineIntel



---------------  S Y S T E M  ---------------

OS:
 Windows 10 , 64 bit Build 19041 (10.0.19041.3636)
OS uptime: 0 days 9:19 hours

CPU: total 8 (initial active 8) (4 cores per cpu, 2 threads per core) family 6 model 60 stepping 3 microcode 0x27, cx8, cmov, fxsr, ht, mmx, sse, sse2, sse3, ssse3, sse4.1, sse4.2, popcnt, lzcnt, tsc, tscinvbit, avx, avx2, aes, erms, clmul, bmi1, bmi2, fma, vzeroupper, clflush

Memory: 4k page, system-wide physical 16267M (9545M free)
TotalPageFile size 18699M (AvailPageFile size 9951M)
current process WorkingSet (physical memory assigned to process): 36M, peak: 36M
current process commit charge ("private bytes"): 346M, peak: 346M

vm_info: Java HotSpot(TM) 64-Bit Server VM (17.0.7+8-LTS-224) for windows-amd64 JRE (17.0.7+8-LTS-224), built on Feb 28 2023 23:03:02 by "mach5one" with MS VC++ 17.1 (VS2022)

END.
